<?xml version="1.0" encoding="UTF-8" ?>
<testsuites>
  <testsuite errors="0" failures="0" hostname="BDC8-LX-2P6SLC2" id="0" name="CalcTest" package="test.calc" skipped="0" tests="7" time="0.369" timestamp="2018-05-22T11:46:47">
      <properties>
[...]
</properties>

      <testcase classname="test.calc.CalcTest" name="testDoSub" time="0.0" />

      <testcase classname="test.calc.CalcTest" name="testDoAdd1" time="0.0" />

      <testcase classname="test.calc.CalcTest" name="testDoAdd2" time="0.0" />

      <testcase classname="test.calc.CalcTest" name="testDoDiv1" time="0.0" />

      <testcase classname="test.calc.CalcTest" name="testDoDiv2" time="0.0" />

      <testcase classname="test.calc.CalcTest" name="testDoMul1" time="0.0" />

      <testcase classname="test.calc.CalcTest" name="testDoMul2" time="0.0" />

      <system-out><![CDATA[17:16:47,685 |-INFO in ch.qos.logback.classic.LoggerContext[default] - Could NOT find resource [logback.groovy]
17:16:47,685 |-INFO in ch.qos.logback.classic.LoggerContext[default] - Could NOT find resource [logback-test.xml]
17:16:47,685 |-INFO in ch.qos.logback.classic.LoggerContext[default] - Found resource [logback.xml] at [jar:file:/C:/cobertura-2.1.1/cobertura-2.1.1-sources.jar!/logback.xml]
17:16:47,685 |-WARN in ch.qos.logback.classic.LoggerContext[default] - Resource [logback.xml] occurs multiple times on the classpath.
17:16:47,685 |-WARN in ch.qos.logback.classic.LoggerContext[default] - Resource [logback.xml] occurs at [jar:file:/C:/cobertura-2.1.1/cobertura-2.1.1-sources.jar!/logback.xml]
17:16:47,685 |-WARN in ch.qos.logback.classic.LoggerContext[default] - Resource [logback.xml] occurs at [jar:file:/C:/cobertura-2.1.1/cobertura-2.1.1.jar!/logback.xml]
17:16:47,726 |-INFO in ch.qos.logback.core.joran.spi.ConfigurationWatchList@3dd3bcd - URL [jar:file:/C:/cobertura-2.1.1/cobertura-2.1.1-sources.jar!/logback.xml] is not of type file
17:16:47,788 |-INFO in ch.qos.logback.classic.joran.action.ConfigurationAction - debug attribute not set
17:16:47,788 |-INFO in ch.qos.logback.core.joran.action.AppenderAction - About to instantiate appender of type [ch.qos.logback.core.ConsoleAppender]
17:16:47,804 |-INFO in ch.qos.logback.core.joran.action.AppenderAction - Naming appender as [STDOUT]
17:16:47,835 |-INFO in ch.qos.logback.core.joran.action.NestedComplexPropertyIA - Assuming default type [ch.qos.logback.classic.encoder.PatternLayoutEncoder] for [encoder] property
17:16:47,898 |-INFO in ch.qos.logback.classic.joran.action.LoggerAction - Setting level of logger [net.sourceforge.cobertura] to INFO
17:16:47,898 |-INFO in ch.qos.logback.classic.joran.action.RootLoggerAction - Setting level of ROOT logger to DEBUG
17:16:47,898 |-INFO in ch.qos.logback.core.joran.action.AppenderRefAction - Attaching appender named [STDOUT] to Logger[ROOT]
17:16:47,898 |-INFO in ch.qos.logback.classic.joran.action.ConfigurationAction - End of configuration.
17:16:47,898 |-INFO in ch.qos.logback.classic.joran.JoranConfigurator@97e1986 - Registering current configuration as safe fallback point

]]></system-out>

      <system-err><![CDATA[]]></system-err>

  </testsuite>
</testsuites>
