<?xml version="1.0" encoding="UTF-8" ?>
<testsuite errors="0" failures="0" hostname="BDC8-LX-2P6SLC2" name="test.calc.CalcTest" skipped="0" tests="7" time="0.093" timestamp="2018-05-09T08:30:33">
  <properties>
[...]
</properties>
  <testcase classname="test.calc.CalcTest" name="testDoSub" time="0.001" />
  <testcase classname="test.calc.CalcTest" name="testDoAdd1" time="0.0" />
  <testcase classname="test.calc.CalcTest" name="testDoAdd2" time="0.0" />
  <testcase classname="test.calc.CalcTest" name="testDoDiv1" time="0.0" />
  <testcase classname="test.calc.CalcTest" name="testDoDiv2" time="0.0" />
  <testcase classname="test.calc.CalcTest" name="testDoMul1" time="0.0" />
  <testcase classname="test.calc.CalcTest" name="testDoMul2" time="0.0" />
  <system-out><![CDATA[]]></system-out>
  <system-err><![CDATA[]]></system-err>
</testsuite>
